<?xml version="1.0" encoding="UTF-8"?>
<!-- Generated by org.testng.reporters.JUnitReportReporter -->
<testsuite hostname="LAPTOP-BD7BPLL2" failures="0" tests="1" name="RATesting.TC01_Get_Request" time="3.317" errors="0" timestamp="2022-03-31T11:52:15 IST" skipped="0">
  <testcase classname="RATesting.TC01_Get_Request" name="GetResponse" time="3.317"/>
  <system-out/>
</testsuite> <!-- RATesting.TC01_Get_Request -->
