<?xml version="1.0" encoding="UTF-8"?>
<!-- Generated by org.testng.reporters.JUnitReportReporter -->
<testsuite hostname="LAPTOP-BD7BPLL2" failures="0" tests="1" name="RATesting.TC02_Post_Request" time="2.624" errors="0" timestamp="2022-03-30T13:28:31 IST" skipped="0">
  <testcase classname="RATesting.TC02_Post_Request" name="RegistrationSuccessful" time="2.624"/>
  <system-out/>
</testsuite> <!-- RATesting.TC02_Post_Request -->
