<?xml version="1.0" encoding="UTF-8"?>
<!-- Generated by org.testng.reporters.JUnitReportReporter -->
<testsuite hostname="LAPTOP-BD7BPLL2" failures="0" tests="1" name="RATesting.TC03_Delete_Request" time="2.464" errors="0" timestamp="2022-03-31T09:36:38 IST" skipped="0">
  <testcase classname="RATesting.TC03_Delete_Request" name="DeleteRequestResponse" time="2.464"/>
  <system-out/>
</testsuite> <!-- RATesting.TC03_Delete_Request -->
